<?xml version="1.0" encoding="UTF-8"?>
<!-- Generated by org.testng.reporters.JUnitReportReporter -->
<testsuite hostname="DESKTOP-E04GLGP" failures="0" tests="3" name="org.testCases.HomePageTest" time="54.168" errors="0" timestamp="2023-01-20T18:43:32 IST" skipped="0">
  <testcase classname="org.testCases.HomePageTest" name="validateLogo" time="17.436"/>
  <system-out/>
  <testcase classname="org.testCases.HomePageTest" name="validateMasterImage" time="20.901"/>
  <system-out/>
  <testcase classname="org.testCases.HomePageTest" name="validateFeatureImage" time="15.831"/>
  <system-out/>
</testsuite> <!-- org.testCases.HomePageTest -->
