<?xml version="1.0" encoding="UTF-8"?>
<!-- Generated by org.testng.reporters.JUnitReportReporter -->
<testsuite hostname="DESKTOP-E04GLGP" failures="0" tests="1" name="org.testCases.ShoppingCartTest" time="26.572" errors="0" timestamp="2023-01-20T18:43:32 IST" skipped="0">
  <testcase classname="org.testCases.ShoppingCartTest" name="validateShoppingCart" time="26.572"/>
  <system-out/>
</testsuite> <!-- org.testCases.ShoppingCartTest -->
