<?xml version="1.0" encoding="UTF-8"?>
<!-- Generated by org.testng.reporters.JUnitReportReporter -->
<testsuite hostname="DESKTOP-E04GLGP" failures="0" tests="1" name="org.utilities.Temporary" time="2.317" errors="0" timestamp="2023-01-19T18:41:42 IST" skipped="0">
  <testcase classname="org.utilities.Temporary" name="testData" time="2.317"/>
  <system-out/>
</testsuite> <!-- org.utilities.Temporary -->
